-------------------------------------------------------------------------------
Test set: org.cytoscape.tiedie.internal.logic.KernelTest
-------------------------------------------------------------------------------
Tests run: 8, Failures: 4, Errors: 2, Skipped: 0, Time elapsed: 0.718 sec <<< FAILURE! - in org.cytoscape.tiedie.internal.logic.KernelTest
testGetadjacencyMatrixOfNetwork(org.cytoscape.tiedie.internal.logic.KernelTest)  Time elapsed: 0.2 sec  <<< FAILURE!
org.junit.internal.ArrayComparisonFailure: arrays first differed at element [1][0]; expected:<1.0> but was:<0.0>
	at org.junit.internal.ComparisonCriteria.arrayEquals(ComparisonCriteria.java:50)
	at org.junit.internal.ComparisonCriteria.arrayEquals(ComparisonCriteria.java:41)
	at org.junit.Assert.internalArrayEquals(Assert.java:473)
	at org.junit.Assert.assertArrayEquals(Assert.java:265)
	at org.junit.Assert.assertArrayEquals(Assert.java:280)
	at org.cytoscape.tiedie.internal.logic.KernelTest.testGetadjacencyMatrixOfNetwork(KernelTest.java:79)

testCreateAdjMatrix(org.cytoscape.tiedie.internal.logic.KernelTest)  Time elapsed: 0.004 sec  <<< FAILURE!
org.junit.internal.ArrayComparisonFailure: arrays first differed at element [1][0]; expected:<1.0> but was:<0.0>
	at org.junit.internal.ComparisonCriteria.arrayEquals(ComparisonCriteria.java:50)
	at org.junit.internal.ComparisonCriteria.arrayEquals(ComparisonCriteria.java:41)
	at org.junit.Assert.internalArrayEquals(Assert.java:473)
	at org.junit.Assert.assertArrayEquals(Assert.java:265)
	at org.junit.Assert.assertArrayEquals(Assert.java:280)
	at org.cytoscape.tiedie.internal.logic.KernelTest.testCreateAdjMatrix(KernelTest.java:105)

testGetdiffusionKernelOfNetwork(org.cytoscape.tiedie.internal.logic.KernelTest)  Time elapsed: 0.461 sec  <<< FAILURE!
java.lang.AssertionError: The test case is a prototype.
	at org.junit.Assert.fail(Assert.java:88)
	at org.cytoscape.tiedie.internal.logic.KernelTest.testGetdiffusionKernelOfNetwork(KernelTest.java:93)

testCreateRequiredExponential(org.cytoscape.tiedie.internal.logic.KernelTest)  Time elapsed: 0.003 sec  <<< ERROR!
java.lang.NullPointerException: null
	at org.cytoscape.tiedie.internal.logic.KernelTest.testCreateRequiredExponential(KernelTest.java:143)

testCreateLapMatrix(org.cytoscape.tiedie.internal.logic.KernelTest)  Time elapsed: 0.003 sec  <<< FAILURE!
org.junit.internal.ArrayComparisonFailure: arrays first differed at element [1][0]; expected:<-1.0> but was:<0.0>
	at org.junit.internal.ComparisonCriteria.arrayEquals(ComparisonCriteria.java:50)
	at org.junit.internal.ComparisonCriteria.arrayEquals(ComparisonCriteria.java:41)
	at org.junit.Assert.internalArrayEquals(Assert.java:473)
	at org.junit.Assert.assertArrayEquals(Assert.java:265)
	at org.junit.Assert.assertArrayEquals(Assert.java:280)
	at org.cytoscape.tiedie.internal.logic.KernelTest.testCreateLapMatrix(KernelTest.java:132)

testDiffuse(org.cytoscape.tiedie.internal.logic.KernelTest)  Time elapsed: 0.005 sec  <<< ERROR!
java.lang.NullPointerException: null
	at org.cytoscape.tiedie.internal.logic.KernelTest.testDiffuse(KernelTest.java:158)

