-------------------------------------------------------------------------------
Test set: org.cytoscape.tiedie.internal.logic.KernelTest
-------------------------------------------------------------------------------
Tests run: 8, Failures: 3, Errors: 3, Skipped: 0, Time elapsed: 1.245 sec <<< FAILURE! - in org.cytoscape.tiedie.internal.logic.KernelTest
testGetadjacencyMatrixOfNetwork(org.cytoscape.tiedie.internal.logic.KernelTest)  Time elapsed: 0.186 sec  <<< FAILURE!
org.junit.internal.ArrayComparisonFailure: arrays first differed at element [0][1]; expected:<1.0> but was:<0.0>
	at org.junit.internal.ComparisonCriteria.arrayEquals(ComparisonCriteria.java:50)
	at org.junit.internal.ComparisonCriteria.arrayEquals(ComparisonCriteria.java:41)
	at org.junit.Assert.internalArrayEquals(Assert.java:473)
	at org.junit.Assert.assertArrayEquals(Assert.java:265)
	at org.junit.Assert.assertArrayEquals(Assert.java:280)
	at org.cytoscape.tiedie.internal.logic.KernelTest.testGetadjacencyMatrixOfNetwork(KernelTest.java:77)

testCreateAdjMatrix(org.cytoscape.tiedie.internal.logic.KernelTest)  Time elapsed: 0.003 sec  <<< FAILURE!
org.junit.internal.ArrayComparisonFailure: arrays first differed at element [0][1]; expected:<1.0> but was:<0.0>
	at org.junit.internal.ComparisonCriteria.arrayEquals(ComparisonCriteria.java:50)
	at org.junit.internal.ComparisonCriteria.arrayEquals(ComparisonCriteria.java:41)
	at org.junit.Assert.internalArrayEquals(Assert.java:473)
	at org.junit.Assert.assertArrayEquals(Assert.java:265)
	at org.junit.Assert.assertArrayEquals(Assert.java:280)
	at org.cytoscape.tiedie.internal.logic.KernelTest.testCreateAdjMatrix(KernelTest.java:103)

testGetdiffusionKernelOfNetwork(org.cytoscape.tiedie.internal.logic.KernelTest)  Time elapsed: 0.511 sec  <<< FAILURE!
java.lang.AssertionError: The test case is a prototype.
	at org.junit.Assert.fail(Assert.java:88)
	at org.cytoscape.tiedie.internal.logic.KernelTest.testGetdiffusionKernelOfNetwork(KernelTest.java:91)

testCreateRequiredExponential(org.cytoscape.tiedie.internal.logic.KernelTest)  Time elapsed: 0.021 sec  <<< ERROR!
java.lang.NullPointerException: null
	at org.cytoscape.tiedie.internal.logic.KernelTest.testCreateRequiredExponential(KernelTest.java:138)

testCreateLapMatrix(org.cytoscape.tiedie.internal.logic.KernelTest)  Time elapsed: 0.008 sec  <<< ERROR!
java.lang.NullPointerException: null
	at Jama.Matrix.<init>(Matrix.java:112)
	at org.cytoscape.tiedie.internal.logic.Kernel.createLapMatrix(Kernel.java:163)
	at org.cytoscape.tiedie.internal.logic.KernelTest.testCreateLapMatrix(KernelTest.java:127)

testDiffuse(org.cytoscape.tiedie.internal.logic.KernelTest)  Time elapsed: 0.008 sec  <<< ERROR!
java.lang.NullPointerException: null
	at org.cytoscape.tiedie.internal.logic.KernelTest.testDiffuse(KernelTest.java:153)

