<?xml version="1.0" encoding="UTF-8"?>
<testsuite name="org.cytoscape.tiedie.internal.logic.KernelTest" time="0.674" tests="8" errors="2" skipped="0" failures="4">
  <properties>
[...]
</properties>
  <testcase name="testGetadjacencyMatrixOfNetwork" classname="org.cytoscape.tiedie.internal.logic.KernelTest" time="0.186">
    <failure message="arrays first differed at element [0][1]; expected:&lt;0.0&gt; but was:&lt;1.0&gt;" type="org.junit.internal.ArrayComparisonFailure"><![CDATA[org.junit.internal.ArrayComparisonFailure: arrays first differed at element [0][1]; expected:<0.0> but was:<1.0>
	at org.junit.internal.ComparisonCriteria.arrayEquals(ComparisonCriteria.java:50)
	at org.junit.internal.ComparisonCriteria.arrayEquals(ComparisonCriteria.java:41)
	at org.junit.Assert.internalArrayEquals(Assert.java:473)
	at org.junit.Assert.assertArrayEquals(Assert.java:265)
	at org.junit.Assert.assertArrayEquals(Assert.java:280)
	at org.cytoscape.tiedie.internal.logic.KernelTest.testGetadjacencyMatrixOfNetwork(KernelTest.java:79)
]]></failure>
    <system-out><![CDATA[[org.cytoscape.model.internal.SharedTableFacade] :   - looking for local tables: 
[org.cytoscape.model.internal.SharedTableFacade] : adding real column: 'shared name' to table: 2 shared edge
[org.cytoscape.model.internal.SharedTableFacade] :   - looking for local tables: 
[org.cytoscape.model.internal.SharedTableFacade] :   - looking for local tables: 
[org.cytoscape.model.internal.SharedTableFacade] : adding real column: 'shared interaction' to table: 2 shared edge
[org.cytoscape.model.internal.SharedTableFacade] :   - looking for local tables: 
[org.cytoscape.model.internal.SharedTableFacade] :   - looking for local tables: 
[org.cytoscape.model.internal.SharedTableFacade] : adding real column: 'shared name' to table: 2 shared network
[org.cytoscape.model.internal.SharedTableFacade] :   - looking for local tables: 
[org.cytoscape.model.internal.SharedTableFacade] :   - looking for local tables: 
[org.cytoscape.model.internal.SharedTableFacade] : adding real column: 'shared name' to table: 2 shared node
[org.cytoscape.model.internal.SharedTableFacade] :   - looking for local tables: 
[org.cytoscape.model.internal.CyNetworkFactoryImpl] : CyNetwork w/ public tables created: ID = 2
[org.cytoscape.model.internal.CyNetworkFactoryImpl] : CyNetwork w/ public tables created: Base Graph ID = 18
getadjacencyMatrixOfNetwork
]]></system-out>
  </testcase>
  <testcase name="testCreateAdjMatrix" classname="org.cytoscape.tiedie.internal.logic.KernelTest" time="0.003">
    <failure message="arrays first differed at element [0][1]; expected:&lt;0.0&gt; but was:&lt;1.0&gt;" type="org.junit.internal.ArrayComparisonFailure"><![CDATA[org.junit.internal.ArrayComparisonFailure: arrays first differed at element [0][1]; expected:<0.0> but was:<1.0>
	at org.junit.internal.ComparisonCriteria.arrayEquals(ComparisonCriteria.java:50)
	at org.junit.internal.ComparisonCriteria.arrayEquals(ComparisonCriteria.java:41)
	at org.junit.Assert.internalArrayEquals(Assert.java:473)
	at org.junit.Assert.assertArrayEquals(Assert.java:265)
	at org.junit.Assert.assertArrayEquals(Assert.java:280)
	at org.cytoscape.tiedie.internal.logic.KernelTest.testCreateAdjMatrix(KernelTest.java:105)
]]></failure>
    <system-out><![CDATA[[org.cytoscape.model.internal.SharedTableFacade] :   - looking for local tables: 
[org.cytoscape.model.internal.SharedTableFacade] : adding real column: 'shared name' to table: 31 shared edge
[org.cytoscape.model.internal.SharedTableFacade] :   - looking for local tables: 
[org.cytoscape.model.internal.SharedTableFacade] :   - looking for local tables: 
[org.cytoscape.model.internal.SharedTableFacade] : adding real column: 'shared interaction' to table: 31 shared edge
[org.cytoscape.model.internal.SharedTableFacade] :   - looking for local tables: 
[org.cytoscape.model.internal.SharedTableFacade] :   - looking for local tables: 
[org.cytoscape.model.internal.SharedTableFacade] : adding real column: 'shared name' to table: 31 shared network
[org.cytoscape.model.internal.SharedTableFacade] :   - looking for local tables: 
[org.cytoscape.model.internal.SharedTableFacade] :   - looking for local tables: 
[org.cytoscape.model.internal.SharedTableFacade] : adding real column: 'shared name' to table: 31 shared node
[org.cytoscape.model.internal.SharedTableFacade] :   - looking for local tables: 
[org.cytoscape.model.internal.CyNetworkFactoryImpl] : CyNetwork w/ public tables created: ID = 31
[org.cytoscape.model.internal.CyNetworkFactoryImpl] : CyNetwork w/ public tables created: Base Graph ID = 47
createAdjMatrix
]]></system-out>
  </testcase>
  <testcase name="testGetTime" classname="org.cytoscape.tiedie.internal.logic.KernelTest" time="0.005"/>
  <testcase name="testGetdiffusionKernelOfNetwork" classname="org.cytoscape.tiedie.internal.logic.KernelTest" time="0.464">
    <failure message="The test case is a prototype." type="java.lang.AssertionError">java.lang.AssertionError: The test case is a prototype.
	at org.junit.Assert.fail(Assert.java:88)
	at org.cytoscape.tiedie.internal.logic.KernelTest.testGetdiffusionKernelOfNetwork(KernelTest.java:93)
</failure>
    <system-out><![CDATA[[org.cytoscape.model.internal.SharedTableFacade] :   - looking for local tables: 
[org.cytoscape.model.internal.SharedTableFacade] : adding real column: 'shared name' to table: 89 shared edge
[org.cytoscape.model.internal.SharedTableFacade] :   - looking for local tables: 
[org.cytoscape.model.internal.SharedTableFacade] :   - looking for local tables: 
[org.cytoscape.model.internal.SharedTableFacade] : adding real column: 'shared interaction' to table: 89 shared edge
[org.cytoscape.model.internal.SharedTableFacade] :   - looking for local tables: 
[org.cytoscape.model.internal.SharedTableFacade] :   - looking for local tables: 
[org.cytoscape.model.internal.SharedTableFacade] : adding real column: 'shared name' to table: 89 shared network
[org.cytoscape.model.internal.SharedTableFacade] :   - looking for local tables: 
[org.cytoscape.model.internal.SharedTableFacade] :   - looking for local tables: 
[org.cytoscape.model.internal.SharedTableFacade] : adding real column: 'shared name' to table: 89 shared node
[org.cytoscape.model.internal.SharedTableFacade] :   - looking for local tables: 
[org.cytoscape.model.internal.CyNetworkFactoryImpl] : CyNetwork w/ public tables created: ID = 89
[org.cytoscape.model.internal.CyNetworkFactoryImpl] : CyNetwork w/ public tables created: Base Graph ID = 105
getdiffusionKernelOfNetwork
]]></system-out>
  </testcase>
  <testcase name="testCreateRequiredExponential" classname="org.cytoscape.tiedie.internal.logic.KernelTest" time="0.004">
    <error type="java.lang.NullPointerException:">java.lang.NullPointerException: null
	at org.cytoscape.tiedie.internal.logic.KernelTest.testCreateRequiredExponential(KernelTest.java:143)
</error>
    <system-out><![CDATA[[org.cytoscape.model.internal.SharedTableFacade] :   - looking for local tables: 
[org.cytoscape.model.internal.SharedTableFacade] : adding real column: 'shared name' to table: 118 shared edge
[org.cytoscape.model.internal.SharedTableFacade] :   - looking for local tables: 
[org.cytoscape.model.internal.SharedTableFacade] :   - looking for local tables: 
[org.cytoscape.model.internal.SharedTableFacade] : adding real column: 'shared interaction' to table: 118 shared edge
[org.cytoscape.model.internal.SharedTableFacade] :   - looking for local tables: 
[org.cytoscape.model.internal.SharedTableFacade] :   - looking for local tables: 
[org.cytoscape.model.internal.SharedTableFacade] : adding real column: 'shared name' to table: 118 shared network
[org.cytoscape.model.internal.SharedTableFacade] :   - looking for local tables: 
[org.cytoscape.model.internal.SharedTableFacade] :   - looking for local tables: 
[org.cytoscape.model.internal.SharedTableFacade] : adding real column: 'shared name' to table: 118 shared node
[org.cytoscape.model.internal.SharedTableFacade] :   - looking for local tables: 
[org.cytoscape.model.internal.CyNetworkFactoryImpl] : CyNetwork w/ public tables created: ID = 118
[org.cytoscape.model.internal.CyNetworkFactoryImpl] : CyNetwork w/ public tables created: Base Graph ID = 134
createRequiredExponential
]]></system-out>
  </testcase>
  <testcase name="testCreateLapMatrix" classname="org.cytoscape.tiedie.internal.logic.KernelTest" time="0.003">
    <failure message="arrays first differed at element [0][1]; expected:&lt;0.0&gt; but was:&lt;-1.0&gt;" type="org.junit.internal.ArrayComparisonFailure"><![CDATA[org.junit.internal.ArrayComparisonFailure: arrays first differed at element [0][1]; expected:<0.0> but was:<-1.0>
	at org.junit.internal.ComparisonCriteria.arrayEquals(ComparisonCriteria.java:50)
	at org.junit.internal.ComparisonCriteria.arrayEquals(ComparisonCriteria.java:41)
	at org.junit.Assert.internalArrayEquals(Assert.java:473)
	at org.junit.Assert.assertArrayEquals(Assert.java:265)
	at org.junit.Assert.assertArrayEquals(Assert.java:280)
	at org.cytoscape.tiedie.internal.logic.KernelTest.testCreateLapMatrix(KernelTest.java:132)
]]></failure>
    <system-out><![CDATA[[org.cytoscape.model.internal.SharedTableFacade] :   - looking for local tables: 
[org.cytoscape.model.internal.SharedTableFacade] : adding real column: 'shared name' to table: 147 shared edge
[org.cytoscape.model.internal.SharedTableFacade] :   - looking for local tables: 
[org.cytoscape.model.internal.SharedTableFacade] :   - looking for local tables: 
[org.cytoscape.model.internal.SharedTableFacade] : adding real column: 'shared interaction' to table: 147 shared edge
[org.cytoscape.model.internal.SharedTableFacade] :   - looking for local tables: 
[org.cytoscape.model.internal.SharedTableFacade] :   - looking for local tables: 
[org.cytoscape.model.internal.SharedTableFacade] : adding real column: 'shared name' to table: 147 shared network
[org.cytoscape.model.internal.SharedTableFacade] :   - looking for local tables: 
[org.cytoscape.model.internal.SharedTableFacade] :   - looking for local tables: 
[org.cytoscape.model.internal.SharedTableFacade] : adding real column: 'shared name' to table: 147 shared node
[org.cytoscape.model.internal.SharedTableFacade] :   - looking for local tables: 
[org.cytoscape.model.internal.CyNetworkFactoryImpl] : CyNetwork w/ public tables created: ID = 147
[org.cytoscape.model.internal.CyNetworkFactoryImpl] : CyNetwork w/ public tables created: Base Graph ID = 163
createLapMatrix
]]></system-out>
  </testcase>
  <testcase name="testDiffuse" classname="org.cytoscape.tiedie.internal.logic.KernelTest" time="0.006">
    <error type="java.lang.NullPointerException:">java.lang.NullPointerException: null
	at org.cytoscape.tiedie.internal.logic.KernelTest.testDiffuse(KernelTest.java:158)
</error>
    <system-out><![CDATA[[org.cytoscape.model.internal.SharedTableFacade] :   - looking for local tables: 
[org.cytoscape.model.internal.SharedTableFacade] : adding real column: 'shared name' to table: 176 shared edge
[org.cytoscape.model.internal.SharedTableFacade] :   - looking for local tables: 
[org.cytoscape.model.internal.SharedTableFacade] :   - looking for local tables: 
[org.cytoscape.model.internal.SharedTableFacade] : adding real column: 'shared interaction' to table: 176 shared edge
[org.cytoscape.model.internal.SharedTableFacade] :   - looking for local tables: 
[org.cytoscape.model.internal.SharedTableFacade] :   - looking for local tables: 
[org.cytoscape.model.internal.SharedTableFacade] : adding real column: 'shared name' to table: 176 shared network
[org.cytoscape.model.internal.SharedTableFacade] :   - looking for local tables: 
[org.cytoscape.model.internal.SharedTableFacade] :   - looking for local tables: 
[org.cytoscape.model.internal.SharedTableFacade] : adding real column: 'shared name' to table: 176 shared node
[org.cytoscape.model.internal.SharedTableFacade] :   - looking for local tables: 
[org.cytoscape.model.internal.CyNetworkFactoryImpl] : CyNetwork w/ public tables created: ID = 176
[org.cytoscape.model.internal.CyNetworkFactoryImpl] : CyNetwork w/ public tables created: Base Graph ID = 192
diffuse
]]></system-out>
  </testcase>
  <testcase name="testCreateDegMatrix" classname="org.cytoscape.tiedie.internal.logic.KernelTest" time="0.003"/>
</testsuite>